[21:42:24] =================================================================
[21:42:24]  MTK tools: full extraction + MT6768 artefact collection
[21:42:24] =================================================================
[21:42:24]  URL list  : lmsa_tool_urls.txt
[21:42:24]  Output    : mtk_tools
[21:42:24] 
[21:42:24] --- [1] SP_Flash_Tool_5.1640_M1.zip
[21:42:24]   Downloading: SP_Flash_Tool_5.1640_M1.zip
[21:42:27]   Extracted to: mtk_tools/extracted/SP_Flash_Tool_5.1640_M1
[21:42:27]     [DA] MTK_AllInOne_DA.bin
[21:42:27]     [DA] DA_SWSEC.bin
[21:42:27]     [DA] DA_SWSEC_CRYPTO20.bin
[21:42:27] --- [2] SP_Flash_Tool_5.1820_M1.zip
[21:42:27]   Downloading: SP_Flash_Tool_5.1820_M1.zip
[21:42:30]   Extracted to: mtk_tools/extracted/SP_Flash_Tool_5.1820_M1
[21:42:30]     [DA] DA_SWSEC_6737m_98736_71604.bin
[21:42:30]     [DA] MTK_AllInOne_DA_signed.bin
[21:42:30]     [DA] DA_SWSEC.bin
[21:42:30]     [DA] DA_SWSEC_CRYPTO20.bin
[21:42:30] --- [3] MTK_flashtool_v5.1616.00.000.zip
[21:42:30]   Downloading: MTK_flashtool_v5.1616.00.000.zip
[21:42:31]   Extracted to: mtk_tools/extracted/MTK_flashtool_v5.1616.00.000
[21:42:31]     [DA] MTK_AllInOne_DA.bin
[21:42:31]     [DA] DA_SWSEC.bin
[21:42:31]     [DA] DA_SWSEC_CRYPTO20.bin
[21:42:32] --- [4] SP_Flash_Tool_exe_Windows_v5.1928.01_190906.zip
[21:42:32]   Downloading: SP_Flash_Tool_exe_Windows_v5.1928.01_190906.zip
curl: (22) The requested URL returned error: 403
[21:42:32] WARNING: curl failed for SP_Flash_Tool_exe_Windows_v5.1928.01_190906.zip, skipping
[21:42:32] --- [5] SP_Flash_Tool_exe_Windows_v5.1928.01_191217.zip
[21:42:32]   Downloading: SP_Flash_Tool_exe_Windows_v5.1928.01_191217.zip
curl: (22) The requested URL returned error: 403
[21:42:32] WARNING: curl failed for SP_Flash_Tool_exe_Windows_v5.1928.01_191217.zip, skipping
[21:42:32] --- [6] Flash_Tool_V5.0.1_Penang.zip
[21:42:32]   Downloading: Flash_Tool_V5.0.1_Penang.zip
[21:42:33]   Extracted to: mtk_tools/extracted/Flash_Tool_V5.0.1_Penang
[21:42:33] --- [7] Smart_Phone_Flash_Tool_For_After_Sale_P410_V3.zip
[21:42:33]   Downloading: Smart_Phone_Flash_Tool_For_After_Sale_P410_V3.zip
curl: (22) The requested URL returned error: 403
[21:42:33] WARNING: curl failed for Smart_Phone_Flash_Tool_For_After_Sale_P410_V3.zip, skipping
[21:42:33] --- [8] TN_MTK_TSDC_FlashTool_V5.2316.11_RSA_V9_Win10_11.zip
[21:42:33]   Downloading: TN_MTK_TSDC_FlashTool_V5.2316.11_RSA_V9_Win10_11.zip
[21:42:35]   Extracted to: mtk_tools/extracted/TN_MTK_TSDC_FlashTool_V5.2316.11_RSA_V9_Win10_11
[21:42:35]     [DA] DA_SWSEC_2316_p325a_dl_forbidden3.bin
[21:42:35] --- [9] LamuLiteGo_FlashTool_Console_LMSA_5.2404.04_Release.zip
[21:42:35]   Downloading: LamuLiteGo_FlashTool_Console_LMSA_5.2404.04_Release.zip
curl: (22) The requested URL returned error: 403
[21:42:35] WARNING: curl failed for LamuLiteGo_FlashTool_Console_LMSA_5.2404.04_Release.zip, skipping
[21:42:35] --- [10] Lamu_Flash_Tool_Console_LMSA_5.2404.03_Release1.zip
[21:42:35]   Downloading: Lamu_Flash_Tool_Console_LMSA_5.2404.03_Release1.zip
curl: (22) The requested URL returned error: 403
[21:42:35] WARNING: curl failed for Lamu_Flash_Tool_Console_LMSA_5.2404.03_Release1.zip, skipping
[21:42:35] --- [11] LamuC_FlashTool_Console_LMSA_5.2404.03_release.zip
[21:42:35]   Downloading: LamuC_FlashTool_Console_LMSA_5.2404.03_release.zip
curl: (22) The requested URL returned error: 403
[21:42:35] WARNING: curl failed for LamuC_FlashTool_Console_LMSA_5.2404.03_release.zip, skipping
[21:42:35] --- [12] SP_Flash_Tool_5.1628_M3.zip
[21:42:35]   Downloading: SP_Flash_Tool_5.1628_M3.zip
[21:42:38]   Extracted to: mtk_tools/extracted/SP_Flash_Tool_5.1628_M3
[21:42:38]     [DA] DA_SWSEC_6737m_98736_71604.bin
[21:42:38]     [DA] MTK_AllInOne_DA.bin
[21:42:38]     [DA] MTK_AllInOne_DA_6850_98737_backup1111.bin
[21:42:38]     [Scatter] MT6580_Android_scatter.txt
[21:42:38]     [DA] DA_SWSEC_6580_98737_71604.bin
[21:42:38]     [DA] DA_SWSEC.bin
[21:42:38]     [DA] DA_SWSEC_CRYPTO20.bin
[21:42:38]     [Auth] auth_sv5_LenovoWatson.auth
[21:42:38]     [Scatter] MT6737M_Android_scatter.txt
[21:42:38]     [Auth] auth_sv5_LenovoNamath.auth
[21:42:38]     [DA] MTK_AllInOne_DA_6580_98737_71604.bin
[21:42:38]     [Auth] auth_sv5.auth
[21:42:38]     [DA] MTK_AllInOne_DA_6737m_98736_71604.bin
[21:42:38] --- [13] flash_tool_v5.20230809.00.001.zip
[21:42:38]   Downloading: flash_tool_v5.20230809.00.001.zip
curl: (22) The requested URL returned error: 403
[21:42:38] WARNING: curl failed for flash_tool_v5.20230809.00.001.zip, skipping
[21:42:38] --- [14] SP_Flash_Tool_5.1644_Lacrosse.zip
[21:42:38]   Downloading: SP_Flash_Tool_5.1644_Lacrosse.zip
[21:42:40]   Extracted to: mtk_tools/extracted/SP_Flash_Tool_5.1644_Lacrosse
[21:42:40]     [DA] MTK_AllInOne_DA.bin
[21:42:40]     [DA] DA_SWSEC.bin
[21:42:40]     [DA] DA_SWSEC_CRYPTO20.bin
[21:42:40] --- [15] MTK_Flash_tool_V5.2036.zip
[21:42:40]   Downloading: MTK_Flash_tool_V5.2036.zip
[21:42:41]   Extracted to: mtk_tools/extracted/MTK_Flash_tool_V5.2036
[21:42:41]     [DA] MTK_AllInOne_DA_MT6761_resign.bin
[21:42:41] --- [16] MTK_Flash_Tool_V5.2052_YT-J706.zip
[21:42:41]   Downloading: MTK_Flash_Tool_V5.2052_YT-J706.zip
[21:42:43]   Extracted to: mtk_tools/extracted/MTK_Flash_Tool_V5.2052_YT-J706
[21:42:43]     [DA] MTK_AllInOne_DA-mt6785-resign.bin
[21:42:43]     [DA] MTK_AllInOne_DA.bin
[21:42:43]     [DA] DA_SWSEC.bin
[21:42:43]     [DA] DA_SWSEC_CRYPTO20.bin
[21:42:43]     [Auth] auth_sv5.auth
[21:42:43] --- [17] MTK_Flash_Tool_Asha.zip
[21:42:43]   Downloading: MTK_Flash_Tool_Asha.zip
[21:42:45]   Extracted to: mtk_tools/extracted/MTK_Flash_Tool_Asha
[21:42:45]     [DA] DA_SWSEC.bin
[21:42:45]     [DA] DA_SWSEC_CRYPTO20.bin
[21:42:45]     [Auth] auth_sv5.auth
[21:42:45] --- [18] MTK_Flash_Tool_v5.2104_TB-J616.zip
[21:42:45]   Downloading: MTK_Flash_Tool_v5.2104_TB-J616.zip
[21:42:47]   Extracted to: mtk_tools/extracted/MTK_Flash_Tool_v5.2104_TB-J616
[21:42:47]     [DA] MTK_AllInOne_DA.bin
[21:42:47]     [DA] DA_SWSEC.bin
[21:42:47]     [DA] MTK_AllInOne_DA_p11.bin
[21:42:47]     [DA] DA_SWSEC_CRYPTO20.bin
[21:42:47]     [Auth] auth_sv5.auth
[21:42:47] --- [19] MTK_Flash_Tool_v5.2052_8506.zip
[21:42:47]   Downloading: MTK_Flash_Tool_v5.2052_8506.zip
[21:42:49]   Extracted to: mtk_tools/extracted/MTK_Flash_Tool_v5.2052_8506
[21:42:49]     [DA] MTK_AllInOne_DA.bin
[21:42:49]     [DA] DA_SWSEC.bin
[21:42:49]     [DA] DA_SWSEC_CRYPTO20.bin
[21:42:49]     [DA] MTK_AllInOne_DA-efuse-p502_resign.bin
[21:42:49]     [Auth] auth_sv5.auth
[21:42:49] --- [20] SP_Flash_Tool_V5.1652_TB-7504.zip
[21:42:49]   Downloading: SP_Flash_Tool_V5.1652_TB-7504.zip
[21:42:51]   Extracted to: mtk_tools/extracted/SP_Flash_Tool_V5.1652_TB-7504
[21:42:51]     [DA] DA_SWSEC_ANDY4_1652.bin
[21:42:51] --- [21] SP_Flash_Tool_exe_Windows_v5.1804_TB3-730.zip
[21:42:51]   Downloading: SP_Flash_Tool_exe_Windows_v5.1804_TB3-730.zip
[21:42:53]   Extracted to: mtk_tools/extracted/SP_Flash_Tool_exe_Windows_v5.1804_TB3-730
[21:42:53]     [DA] DA_SWSEC_CRYPTO20.bin
[21:42:53] --- [22] SP_Flash_Tool_5.1652_TB3-710.zip
[21:42:53]   Downloading: SP_Flash_Tool_5.1652_TB3-710.zip
[21:42:54]   Extracted to: mtk_tools/extracted/SP_Flash_Tool_5.1652_TB3-710
[21:42:54]     [DA] MTK_AllInOne_DA.bin
[21:42:54]     [DA] DA_SWSEC.bin
[21:42:54]     [DA] DA_SWSEC_CRYPTO20.bin
[21:42:54]     [Auth] auth_sv5.auth
[21:42:54] --- [23] MTK_Flash_Tool_Asha_SVC.zip
[21:42:54]   Downloading: MTK_Flash_Tool_Asha_SVC.zip
[21:42:56]   Extracted to: mtk_tools/extracted/MTK_Flash_Tool_Asha_SVC
[21:42:56]     [DA] MTK_AllInOne_DA.bin
[21:42:56]     [DA] DA_SWSEC.bin
[21:42:56]     [DA] DA_SWSEC_CRYPTO20.bin
[21:42:56]     [Auth] auth_sv5.auth
[21:42:56] --- [24] SP_Flash_Tool_V5.1804_PB2-650_670.zip
[21:42:56]   Downloading: SP_Flash_Tool_V5.1804_PB2-650_670.zip
[21:42:58]   Extracted to: mtk_tools/extracted/SP_Flash_Tool_V5.1804_PB2-650_670
[21:42:58]     [DA] DA_SWSEC_CRYPTO20_0403.bin
[21:42:58]     [DA] DA_SWSEC.bin
[21:42:58] --- [25] SP_Flash_Tool_TB-7304IX.zip
[21:42:58]   Downloading: SP_Flash_Tool_TB-7304IX.zip
[21:43:00]   Extracted to: mtk_tools/extracted/SP_Flash_Tool_TB-7304IX
[21:43:00]     [DA] MTK_AllInOne_DA.bin
[21:43:00]     [DA] DA_SWSEC.bin
[21:43:00]     [DA] DA_SWSEC_CRYPTO20.bin
[21:43:00]     [Auth] auth_sv5.auth
[21:43:00] --- [26] SP_Flash_Tool_5.1652_TB3-850.zip
[21:43:00]   Downloading: SP_Flash_Tool_5.1652_TB3-850.zip
[21:43:01]   Extracted to: mtk_tools/extracted/SP_Flash_Tool_5.1652_TB3-850
[21:43:01]     [DA] MTK_AllInOne_DA.bin
[21:43:01]     [DA] DA_SWSEC.bin
[21:43:01]     [DA] DA_SWSEC_CRYPTO20.bin
[21:43:01]     [Auth] auth_sv5.auth
[21:43:01] --- [27] Flash_Tool_TB-8304F.zip
[21:43:01]   Downloading: Flash_Tool_TB-8304F.zip
[21:43:03]   Extracted to: mtk_tools/extracted/Flash_Tool_TB-8304F
[21:43:03]     [DA] MTK_AllInOne_DA.bin
[21:43:03]     [DA] DA_SWSEC.bin
[21:43:03]     [DA] DA_SWSEC_CRYPTO20.bin
[21:43:03]     [Auth] auth_sv5.auth
[21:43:03] --- [28] SP_Flash_Tool_TB-7304F_NEW.zip
[21:43:03]   Downloading: SP_Flash_Tool_TB-7304F_NEW.zip
[21:43:04]   Extracted to: mtk_tools/extracted/SP_Flash_Tool_TB-7304F_NEW
[21:43:04]     [DA] MTK_AllInOne_DA.bin
[21:43:04]     [Scatter] efuse_scatter.txt
[21:43:04]     [Auth] auth_sv5.auth
[21:43:04] --- [29] SP_Flash_Tool_TB-7304IX_SVC.zip
[21:43:04]   Downloading: SP_Flash_Tool_TB-7304IX_SVC.zip
[21:43:06]   Extracted to: mtk_tools/extracted/SP_Flash_Tool_TB-7304IX_SVC
[21:43:06]     [DA] MTK_AllInOne_DA.bin
[21:43:06]     [DA] DA_SWSEC.bin
[21:43:06]     [DA] DA_SWSEC_CRYPTO20.bin
[21:43:06]     [Auth] auth_sv5.auth
[21:43:06] --- [30] MTK_Flash_tool_v5.1920.00.001_V1.zip
[21:43:06]   Downloading: MTK_Flash_tool_v5.1920.00.001_V1.zip
[21:43:08]   Extracted to: mtk_tools/extracted/MTK_Flash_tool_v5.1920.00.001_V1
[21:43:08]     [DA] MTK_AllInOne_DA.bin
[21:43:08]     [DA] DA_SWSEC.bin
[21:43:08]     [DA] DA_SWSEC_CRYPTO20.bin
[21:43:08] --- [31] MTK_Flash_tool_v5.1920.00.001_V1_update.zip
[21:43:08]   Downloading: MTK_Flash_tool_v5.1920.00.001_V1_update.zip
[21:43:10]   Extracted to: mtk_tools/extracted/MTK_Flash_tool_v5.1920.00.001_V1_update
[21:43:10]     [DA] MTK_AllInOne_DA.bin
[21:43:10]     [DA] DA_SWSEC.bin
[21:43:10]     [DA] DA_SWSEC_CRYPTO20.bin
[21:43:10] --- [32] SP_Flash_Tool_5.1652_M2.zip
[21:43:10]   Downloading: SP_Flash_Tool_5.1652_M2.zip
[21:43:12]   Extracted to: mtk_tools/extracted/SP_Flash_Tool_5.1652_M2
[21:43:12]     [DA] MTK_AllInOne_DA.bin
[21:43:12]     [DA] DA_SWSEC.bin
[21:43:12]     [DA] DA_SWSEC_CRYPTO20.bin
[21:43:12]     [Auth] auth_sv5.auth
[21:43:12] --- [33] MTK_Flash_Tool_v5.1916.zip
[21:43:12]   Downloading: MTK_Flash_Tool_v5.1916.zip
[21:43:14]   Extracted to: mtk_tools/extracted/MTK_Flash_Tool_v5.1916
[21:43:14]     [DA] MTK_AllInOne_DA.bin
[21:43:14]     [DA] DA_SWSEC.bin
[21:43:14]     [DA] DA_SWSEC_CRYPTO20.bin
[21:43:14]     [DA] MTK_AllInOne_DA_8765.bin
[21:43:14] --- [34] MTK_flash_tool_V6_SVC.zip
[21:43:14]   Downloading: MTK_flash_tool_V6_SVC.zip
[21:43:15]   Extracted to: mtk_tools/extracted/MTK_flash_tool_V6_SVC
[21:43:15]     [Auth] da.auth
[21:43:15] --- [35] MTK_V5_Parsely_V1.zip
[21:43:15]   Downloading: MTK_V5_Parsely_V1.zip
[21:43:17]   Extracted to: mtk_tools/extracted/MTK_V5_Parsely_V1
[21:43:17]     [DA] MTK_AllInOne_DA.bin
[21:43:17]     [DA] DA_SWSEC.bin
[21:43:17]     [DA] DA_SWSEC_CRYPTO20.bin
[21:43:17]     [Scatter] MT6761_Android_scatter.txt
[21:43:17]     [Auth] auth_sv5.auth
[21:43:17] --- [36] SP_Flash_Tool_V5_LTE.zip
[21:43:17]   Downloading: SP_Flash_Tool_V5_LTE.zip
[21:43:19]   Extracted to: mtk_tools/extracted/SP_Flash_Tool_V5_LTE
[21:43:19]     [DA] MTK_AllInOne_DA.bin
[21:43:19]     [DA] DA_SWSEC.bin
[21:43:19]     [DA] DA_SWSEC_CRYPTO20.bin
[21:43:19]     [Auth] auth_sv5_t6100a_lte.auth
[21:43:19]     [Auth] auth_sv5_t6100a_wifi.auth
[21:43:19] --- [37] MTK_Flash_tool_v5.1920.00.001_V2.zip
[21:43:19]   Downloading: MTK_Flash_tool_v5.1920.00.001_V2.zip
[21:43:21]   Extracted to: mtk_tools/extracted/MTK_Flash_tool_v5.1920.00.001_V2
[21:43:21]     [DA] MTK_AllInOne_DA.bin
[21:43:21]     [DA] DA_SWSEC.bin
[21:43:21]     [DA] DA_SWSEC_CRYPTO20.bin
[21:43:21] --- [38] MTK_V5_ParselyRefresh_V1.zip
[21:43:21]   Downloading: MTK_V5_ParselyRefresh_V1.zip
[21:43:23]   Extracted to: mtk_tools/extracted/MTK_V5_ParselyRefresh_V1
[21:43:23]     [DA] MTK_AllInOne_DA.bin
[21:43:23]     [DA] DA_SWSEC.bin
[21:43:23]     [DA] DA_SWSEC_CRYPTO20.bin
[21:43:23]     [Scatter] MT6761_Android_scatter.txt
[21:43:23]     [Auth] auth_sv5.auth
[21:43:23] --- [39] SP_Flash_Tool_V5_TB330_POGOPIN.zip
[21:43:23]   Downloading: SP_Flash_Tool_V5_TB330_POGOPIN.zip
[21:43:25]   Extracted to: mtk_tools/extracted/SP_Flash_Tool_V5_TB330_POGOPIN
[21:43:25]     [DA] MTK_AllInOne_DA.bin
[21:43:25]     [DA] MTK_AllInOne_DA-resign.bin
[21:43:25]     [DA] DA_SWSEC.bin
[21:43:25]     [DA] DA_SWSEC_CRYPTO20.bin
[21:43:25]     [Auth] auth_sv5.auth
[21:43:25] --- [40] MTK_Flash_Tool_TB132FU_SVC.zip
[21:43:25]   Downloading: MTK_Flash_Tool_TB132FU_SVC.zip
[21:43:28]   Extracted to: mtk_tools/extracted/MTK_Flash_Tool_TB132FU_SVC
[21:43:28]     [DA] MTK_AllInOne_DA.bin
[21:43:28]     [Auth] auth_sv5_onyx.auth
[21:43:28]     [DA] MTK_AllInOne_DA_onyx_signed.bin
[21:43:28]     [DA] DA_SWSEC.bin
[21:43:28]     [DA] DA_SWSEC_CRYPTO20.bin
[21:43:28]     [Auth] auth_sv5.auth
[21:43:28] --- [41] SP_Flash_Tool_V5_20240829_OTA15.zip
[21:43:28]   Downloading: SP_Flash_Tool_V5_20240829_OTA15.zip
[21:43:30]   Extracted to: mtk_tools/extracted/SP_Flash_Tool_V5_20240829_OTA15
[21:43:30]     [DA] MTK_AllInOne_DA.bin
[21:43:30]     [DA] MTK_AllInOne_DA-resign.bin
[21:43:30]     [Auth] auth_sv5_wt.auth
[21:43:30]     [DA] DA_SWSEC.bin
[21:43:30]     [DA] DA_SWSEC_CRYPTO20.bin
[21:43:30] --- [42] MTK_flash_tool_V6_TB351.zip
[21:43:30]   Downloading: MTK_flash_tool_V6_TB351.zip
[21:43:31]   Extracted to: mtk_tools/extracted/MTK_flash_tool_V6_TB351
[21:43:31]     [Auth] da.auth
[21:43:31] --- [43] SP_Flash_Tool_V5.24_TB311.zip
[21:43:31]   Downloading: SP_Flash_Tool_V5.24_TB311.zip
[21:43:33]   Extracted to: mtk_tools/extracted/SP_Flash_Tool_V5.24_TB311
[21:43:34]     [DA] MTK_AllInOne_DA.bin
[21:43:34]     [DA] DA_SWSEC.bin
[21:43:34]     [DA] DA_SWSEC_CRYPTO20.bin
[21:43:34]     [Scatter] MT6761_Android_scatter.txt
[21:43:34]     [Auth] auth_sv5.auth
[21:43:34] --- [44] SP_Flash_Tool_V5.24_TB305.zip
[21:43:34]   Downloading: SP_Flash_Tool_V5.24_TB305.zip
[21:43:35]   Extracted to: mtk_tools/extracted/SP_Flash_Tool_V5.24_TB305
[21:43:35]     [DA] MTK_AllInOne_DA.bin
[21:43:35]     [DA] DA_SWSEC.bin
[21:43:35]     [DA] DA_SWSEC_CRYPTO20.bin
[21:43:35]     [Auth] auth_sv5.auth
[21:43:35] --- [45] SP_Flash_Tool_TB336.zip
[21:43:35]   Downloading: SP_Flash_Tool_TB336.zip
[21:43:36]   Extracted to: mtk_tools/extracted/SP_Flash_Tool_TB336
[21:43:36]     [Auth] da.auth
[21:43:36] --- [46] SP_Flash_Tool_V2.zip
[21:43:36]   Downloading: SP_Flash_Tool_V2.zip
[21:43:38]   Extracted to: mtk_tools/extracted/SP_Flash_Tool_V2
[21:43:38]     [DA] MTK_AllInOne_DA.bin
[21:43:38]     [DA] DA_SWSEC.bin
[21:43:38]     [DA] DA_SWSEC_CRYPTO20.bin
[21:43:38] --- [47] SP_Flash_Tool_exe_Windows_v5.1920.00.001.zip
[21:43:38]   Downloading: SP_Flash_Tool_exe_Windows_v5.1920.00.001.zip
curl: (22) The requested URL returned error: 403
[21:43:38] WARNING: curl failed for SP_Flash_Tool_exe_Windows_v5.1920.00.001.zip, skipping
[21:43:38] --- [48] SP_Flash_Tool_exe_Windows_v6.20240517_XT2055.zip
[21:43:38]   Downloading: SP_Flash_Tool_exe_Windows_v6.20240517_XT2055.zip
curl: (22) The requested URL returned error: 403
[21:43:38] WARNING: curl failed for SP_Flash_Tool_exe_Windows_v6.20240517_XT2055.zip, skipping
[21:43:38] --- [49] SP_Flash_Tool_exe_Windows_A2016.zip
[21:43:38]   Downloading: SP_Flash_Tool_exe_Windows_A2016.zip
[21:43:40]   Extracted to: mtk_tools/extracted/SP_Flash_Tool_exe_Windows_A2016
[21:43:40]     [DA] DA_SWSEC.bin
[21:43:40] --- [50] SP_Flash_Tool_V5_MSC_20230809.zip
[21:43:40]   Downloading: SP_Flash_Tool_V5_MSC_20230809.zip
curl: (22) The requested URL returned error: 403
[21:43:40] WARNING: curl failed for SP_Flash_Tool_V5_MSC_20230809.zip, skipping
[21:43:40] --- [51] MTK_Flash_Tool_v5.2104_P522.zip
[21:43:40]   Downloading: MTK_Flash_Tool_v5.2104_P522.zip
curl: (22) The requested URL returned error: 403
[21:43:40] WARNING: curl failed for MTK_Flash_Tool_v5.2104_P522.zip, skipping
[21:43:40] --- [52] PokerPlus_Flash_Tool_S1916.V1848.1.zip
[21:43:40]   Downloading: PokerPlus_Flash_Tool_S1916.V1848.1.zip
[21:43:43]   Extracted to: mtk_tools/extracted/PokerPlus_Flash_Tool_S1916.V1848.1
[21:43:43]     [DA] MTK_AllInOne_DA.bin
[21:43:43]     [DA] DA_SWSEC.bin
[21:43:43]     [DA] DA_SWSEC_CRYPTO20.bin
[21:43:43] --- [53] SP_Flash_Tool_5.1652_M1.zip
[21:43:43]   Downloading: SP_Flash_Tool_5.1652_M1.zip
[21:43:45]   Extracted to: mtk_tools/extracted/SP_Flash_Tool_5.1652_M1
[21:43:45]     [DA] MTK_AllInOne_DA.bin
[21:43:45]     [DA] DA_SWSEC.bin
[21:43:45]     [DA] DA_SWSEC_CRYPTO20.bin
[21:43:45] --- [54] RESEARCHDOWNLOAD_R21.0.0001.zip
[21:43:45]   Downloading: RESEARCHDOWNLOAD_R21.0.0001.zip
curl: (22) The requested URL returned error: 403
[21:43:45] WARNING: curl failed for RESEARCHDOWNLOAD_R21.0.0001.zip, skipping
[21:43:45] --- [55] SP_Flash_Tool_TB-7304F_CMB.zip
[21:43:45]   Downloading: SP_Flash_Tool_TB-7304F_CMB.zip
[21:43:46]   Extracted to: mtk_tools/extracted/SP_Flash_Tool_TB-7304F_CMB
[21:43:46]     [DA] MTK_AllInOne_DA.bin
[21:43:46]     [Auth] auth_sv5.auth
[21:43:46] --- [56] SP_Flash_Tool_exe_Windows_v5.1804_TB3-730_SVC.zip
[21:43:46]   Downloading: SP_Flash_Tool_exe_Windows_v5.1804_TB3-730_SVC.zip
[21:43:48]   Extracted to: mtk_tools/extracted/SP_Flash_Tool_exe_Windows_v5.1804_TB3-730_SVC
[21:43:48]     [DA] MTK_AllInOne_DA.bin
[21:43:48]     [Scatter] MT6580_Android_scatter.txt
[21:43:48]     [DA] DA_SWSEC.bin
[21:43:48]     [DA] DA_SWSEC_CRYPTO20.bin
[21:43:48]     [Auth] auth_sv5.auth
[21:43:48] --- [57] SP_Flash_Tool_V6_TB373.zip
[21:43:48]   Downloading: SP_Flash_Tool_V6_TB373.zip
[21:43:49]   Extracted to: mtk_tools/extracted/SP_Flash_Tool_V6_TB373
[21:43:49]     [Auth] da.auth
[21:43:49] --- [58] SP_Flash_Tool_5.1644_Lacrosse_Auth.zip
[21:43:49]   Downloading: SP_Flash_Tool_5.1644_Lacrosse_Auth.zip
curl: (22) The requested URL returned error: 403
[21:43:49] WARNING: curl failed for SP_Flash_Tool_5.1644_Lacrosse_Auth.zip, skipping
[21:43:49] --- [59] MTK_flash_tool_V6.zip
[21:43:49]   Downloading: MTK_flash_tool_V6.zip
[21:43:51]   Extracted to: mtk_tools/extracted/MTK_flash_tool_V6
[21:43:51] --- [60] SP_Flash_Tool_exe_A1010a20.zip
[21:43:51]   Downloading: SP_Flash_Tool_exe_A1010a20.zip
[21:43:53]   Extracted to: mtk_tools/extracted/SP_Flash_Tool_exe_A1010a20
[21:43:53]     [DA] MTK_AllInOne_DA.bin
[21:43:53]     [DA] DA_SWSEC.bin
[21:43:53]     [DA] DA_SWSEC_CRYPTO20.bin
[21:43:53] --- [61] SP_Flash_Tool_XT1700XT1706.zip
[21:43:53]   Downloading: SP_Flash_Tool_XT1700XT1706.zip
[21:43:55]   Extracted to: mtk_tools/extracted/SP_Flash_Tool_XT1700XT1706
[21:43:55]     [DA] MTK_AllInOne_DA.bin
[21:43:55]     [DA] DA_SWSEC.bin
[21:43:55]     [DA] DA_SWSEC_CRYPTO20.bin
[21:43:55] --- [62] SP_Flash_Tool_V5_Wifi.zip
[21:43:55]   Downloading: SP_Flash_Tool_V5_Wifi.zip
[21:43:57]   Extracted to: mtk_tools/extracted/SP_Flash_Tool_V5_Wifi
[21:43:57]     [DA] MTK_AllInOne_DA.bin
[21:43:57]     [DA] DA_SWSEC.bin
[21:43:57]     [DA] DA_SWSEC_CRYPTO20.bin
[21:43:57]     [Auth] auth_sv5_t6100a_lte.auth
[21:43:57]     [Auth] auth_sv5_t6100a_wifi.auth
[21:43:57] --- [63] MTK_SP_Flash_Tool_V5_TB370_V1.zip
[21:43:57]   Downloading: MTK_SP_Flash_Tool_V5_TB370_V1.zip
[21:43:59]   Extracted to: mtk_tools/extracted/MTK_SP_Flash_Tool_V5_TB370_V1
[21:43:59]     [DA] MTK_AllInOne_DA.bin
[21:43:59]     [DA] MTK_AllInOne_DA-resign.bin
[21:43:59]     [DA] DA_SWSEC.bin
[21:43:59]     [DA] DA_SWSEC_CRYPTO20.bin
[21:43:59]     [Scatter] MT6761_Android_scatter.txt
[21:43:59]     [Auth] auth_sv5.auth
[21:43:59] --- [64] MTK_SP_Flash_Tool_V5_TB370.zip
[21:43:59]   Downloading: MTK_SP_Flash_Tool_V5_TB370.zip
[21:44:01]   Extracted to: mtk_tools/extracted/MTK_SP_Flash_Tool_V5_TB370
[21:44:01]     [DA] MTK_AllInOne_DA.bin
[21:44:01]     [DA] MTK_AllInOne_DA-resign.bin
[21:44:01]     [DA] DA_SWSEC.bin
[21:44:01]     [DA] DA_SWSEC_CRYPTO20.bin
[21:44:01]     [Scatter] MT6761_Android_scatter.txt
[21:44:01]     [Auth] auth_sv5.auth
[21:44:01] 
[21:44:01] =================================================================
[21:44:01]  Summary
[21:44:01] =================================================================
[21:44:01]  MTK archives found in list : 64
[21:44:01]  Archives successfully unzipped : 51
[21:44:01]  MT6768-related files collected : 178
[21:44:01] 
[21:44:01]  Output tree:
[21:44:01]    Full extractions -> mtk_tools/extracted
[21:44:01]    MT6768 / DA      -> mtk_tools/mt6768/DA
[21:44:01]    MT6768 / SVC     -> mtk_tools/mt6768/SVC
[21:44:01]    MT6768 / Auth    -> mtk_tools/mt6768/Auth
[21:44:01]    MT6768 / Scatter -> mtk_tools/mt6768/Scatter
[21:44:01]    MT6768 / Other   -> mtk_tools/mt6768/Other
[21:44:01]  Full log            -> mtk_tools/extract_mtk.log
